{"uuid":"7358cd67-b0f6-47bc-831f-bd8bb2625bcf","historyId":"78d169434333c669f93cf89008d95353","fullName":"mozilla.DownloadTest.downloadTest","labels":[{"name":"package","value":"mozilla.DownloadTest"},{"name":"testClass","value":"mozilla.DownloadTest"},{"name":"testMethod","value":"downloadTest"},{"name":"parentSuite","value":"Default Suite"},{"name":"suite","value":"Mozilla-ios"},{"name":"subSuite","value":"mozilla.DownloadTest"},{"name":"host","value":"Khrystynas-iMac.local"},{"name":"thread","value":"5699@Khrystynas-iMac.local.main(1)"}],"links":[],"name":"downloadTest","status":"skipped","statusDetails":{"known":false,"muted":false,"flaky":false,"message":"It is impossible to create a new session because 'createSession' which takes HttpClient, InputStream and long was not found or it is not accessible\nBuild info: version: '3.12.0', revision: '7c6e0b3', time: '2018-05-08T14:04:26.12Z'\nSystem info: host: 'Khrystynas-iMac.local', ip: 'fe80:0:0:0:14ee:47de:af9c:2c15%en0', os.name: 'Mac OS X', os.arch: 'x86_64', os.version: '10.13.6', java.version: '1.8.0_181'\nDriver info: driver.version: Driver","trace":"org.openqa.selenium.WebDriverException: It is impossible to create a new session because 'createSession' which takes HttpClient, InputStream and long was not found or it is not accessible\nBuild info: version: '3.12.0', revision: '7c6e0b3', time: '2018-05-08T14:04:26.12Z'\nSystem info: host: 'Khrystynas-iMac.local', ip: 'fe80:0:0:0:14ee:47de:af9c:2c15%en0', os.name: 'Mac OS X', os.arch: 'x86_64', os.version: '10.13.6', java.version: '1.8.0_181'\nDriver info: driver.version: Driver\n\tat io.appium.java_client.remote.AppiumCommandExecutor$1.createSession(AppiumCommandExecutor.java:182)\n\tat io.appium.java_client.remote.AppiumCommandExecutor.createSession(AppiumCommandExecutor.java:196)\n\tat io.appium.java_client.remote.AppiumCommandExecutor.execute(AppiumCommandExecutor.java:218)\n\tat org.openqa.selenium.remote.RemoteWebDriver.execute(RemoteWebDriver.java:543)\n\tat io.appium.java_client.DefaultGenericMobileDriver.execute(DefaultGenericMobileDriver.java:42)\n\tat io.appium.java_client.AppiumDriver.execute(AppiumDriver.java:1)\n\tat io.appium.java_client.ios.IOSDriver.execute(IOSDriver.java:1)\n\tat org.openqa.selenium.remote.RemoteWebDriver.startSession(RemoteWebDriver.java:207)\n\tat org.openqa.selenium.remote.RemoteWebDriver.<init>(RemoteWebDriver.java:130)\n\tat io.appium.java_client.DefaultGenericMobileDriver.<init>(DefaultGenericMobileDriver.java:38)\n\tat io.appium.java_client.AppiumDriver.<init>(AppiumDriver.java:84)\n\tat io.appium.java_client.AppiumDriver.<init>(AppiumDriver.java:94)\n\tat io.appium.java_client.ios.IOSDriver.<init>(IOSDriver.java:90)\n\tat framework.utility.Driver.createIOSDriver(Driver.java:62)\n\tat java.lang.ThreadLocal$SuppliedThreadLocal.initialValue(ThreadLocal.java:284)\n\tat java.lang.ThreadLocal.setInitialValue(ThreadLocal.java:180)\n\tat java.lang.ThreadLocal.get(ThreadLocal.java:170)\n\tat framework.utility.Driver.getDriver(Driver.java:73)\n\tat mozilla.pages.BasePage.<init>(BasePage.java:22)\n\tat mozilla.pages.HomePage.<init>(HomePage.java:9)\n\tat mozilla.BaseTest.beforeClass(BaseTest.java:39)\n\tat sun.reflect.NativeMethodAccessorImpl.invoke0(Native Method)\n\tat sun.reflect.NativeMethodAccessorImpl.invoke(NativeMethodAccessorImpl.java:62)\n\tat sun.reflect.DelegatingMethodAccessorImpl.invoke(DelegatingMethodAccessorImpl.java:43)\n\tat java.lang.reflect.Method.invoke(Method.java:498)\n\tat org.testng.internal.MethodInvocationHelper.invokeMethod(MethodInvocationHelper.java:124)\n\tat org.testng.internal.MethodInvocationHelper.invokeMethodConsideringTimeout(MethodInvocationHelper.java:59)\n\tat org.testng.internal.Invoker.invokeConfigurationMethod(Invoker.java:458)\n\tat org.testng.internal.Invoker.invokeConfigurations(Invoker.java:222)\n\tat org.testng.internal.Invoker.invokeConfigurations(Invoker.java:142)\n\tat org.testng.internal.TestMethodWorker.invokeBeforeClassMethods(TestMethodWorker.java:168)\n\tat org.testng.internal.TestMethodWorker.run(TestMethodWorker.java:105)\n\tat org.testng.TestRunner.privateRun(TestRunner.java:648)\n\tat org.testng.TestRunner.run(TestRunner.java:505)\n\tat org.testng.SuiteRunner.runTest(SuiteRunner.java:455)\n\tat org.testng.SuiteRunner.runSequentially(SuiteRunner.java:450)\n\tat org.testng.SuiteRunner.privateRun(SuiteRunner.java:415)\n\tat org.testng.SuiteRunner.run(SuiteRunner.java:364)\n\tat org.testng.SuiteRunnerWorker.runSuite(SuiteRunnerWorker.java:52)\n\tat org.testng.SuiteRunnerWorker.run(SuiteRunnerWorker.java:84)\n\tat org.testng.TestNG.runSuitesSequentially(TestNG.java:1208)\n\tat org.testng.TestNG.runSuitesLocally(TestNG.java:1137)\n\tat org.testng.TestNG.runSuites(TestNG.java:1049)\n\tat org.testng.TestNG.run(TestNG.java:1017)\n\tat org.testng.IDEARemoteTestNG.run(IDEARemoteTestNG.java:72)\n\tat org.testng.RemoteTestNGStarter.main(RemoteTestNGStarter.java:123)\nCaused by: java.lang.reflect.InvocationTargetException\n\tat sun.reflect.NativeMethodAccessorImpl.invoke0(Native Method)\n\tat sun.reflect.NativeMethodAccessorImpl.invoke(NativeMethodAccessorImpl.java:62)\n\tat sun.reflect.DelegatingMethodAccessorImpl.invoke(DelegatingMethodAccessorImpl.java:43)\n\tat java.lang.reflect.Method.invoke(Method.java:498)\n\tat io.appium.java_client.remote.AppiumCommandExecutor$1.createSession(AppiumCommandExecutor.java:172)\n\t... 45 more\nCaused by: org.openqa.selenium.WebDriverException: An unknown server-side error occurred while processing the command. Original error: simctl error running 'install': An error was encountered processing the command (domain=com.apple.CoreSimulator.SimError, code=164):\nUnable to lookup in current state: Shutting Down\nBuild info: version: '3.12.0', revision: '7c6e0b3', time: '2018-05-08T14:04:26.12Z'\nSystem info: host: 'Khrystynas-iMac.local', ip: 'fe80:0:0:0:14ee:47de:af9c:2c15%en0', os.name: 'Mac OS X', os.arch: 'x86_64', os.version: '10.13.6', java.version: '1.8.0_181'\nDriver info: driver.version: Driver\nremote stacktrace: UnknownError: An unknown server-side error occurred while processing the command. Original error: simctl error running 'install': An error was encountered processing the command (domain=com.apple.CoreSimulator.SimError, code=164):\nUnable to lookup in current state: Shutting Down\n    at getResponseForW3CError (/Applications/Appium.app/Contents/Resources/app/node_modules/appium/node_modules/appium-base-driver/lib/protocol/errors.js:824:9)\n    at asyncHandler$ (/Applications/Appium.app/Contents/Resources/app/node_modules/appium/node_modules/appium-base-driver/lib/protocol/protocol.js:375:37)\n    at tryCatch (/Applications/Appium.app/Contents/Resources/app/node_modules/appium/node_modules/babel-runtime/regenerator/runtime.js:67:40)\n    at GeneratorFunctionPrototype.invoke [as _invoke] (/Applications/Appium.app/Contents/Resources/app/node_modules/appium/node_modules/babel-runtime/regenerator/runtime.js:315:22)\n    at GeneratorFunctionPrototype.prototype.(anonymous function) [as next] (/Applications/Appium.app/Contents/Resources/app/node_modules/appium/node_modules/babel-runtime/regenerator/runtime.js:100:21)\n    at GeneratorFunctionPrototype.invoke (/Applications/Appium.app/Contents/Resources/app/node_modules/appium/node_modules/babel-runtime/regenerator/runtime.js:136:37)\n    at <anonymous>\n\tat sun.reflect.NativeConstructorAccessorImpl.newInstance0(Native Method)\n\tat sun.reflect.NativeConstructorAccessorImpl.newInstance(NativeConstructorAccessorImpl.java:62)\n\tat sun.reflect.DelegatingConstructorAccessorImpl.newInstance(DelegatingConstructorAccessorImpl.java:45)\n\tat java.lang.reflect.Constructor.newInstance(Constructor.java:423)\n\tat org.openqa.selenium.remote.W3CHandshakeResponse.lambda$new$0(W3CHandshakeResponse.java:57)\n\tat org.openqa.selenium.remote.W3CHandshakeResponse.lambda$getResponseFunction$2(W3CHandshakeResponse.java:104)\n\tat org.openqa.selenium.remote.ProtocolHandshake.lambda$createSession$0(ProtocolHandshake.java:123)\n\tat java.util.stream.ReferencePipeline$3$1.accept(ReferencePipeline.java:193)\n\tat java.util.Spliterators$ArraySpliterator.tryAdvance(Spliterators.java:958)\n\tat java.util.stream.ReferencePipeline.forEachWithCancel(ReferencePipeline.java:126)\n\tat java.util.stream.AbstractPipeline.copyIntoWithCancel(AbstractPipeline.java:498)\n\tat java.util.stream.AbstractPipeline.copyInto(AbstractPipeline.java:485)\n\tat java.util.stream.AbstractPipeline.wrapAndCopyInto(AbstractPipeline.java:471)\n\tat java.util.stream.FindOps$FindOp.evaluateSequential(FindOps.java:152)\n\tat java.util.stream.AbstractPipeline.evaluate(AbstractPipeline.java:234)\n\tat java.util.stream.ReferencePipeline.findFirst(ReferencePipeline.java:464)\n\tat org.openqa.selenium.remote.ProtocolHandshake.createSession(ProtocolHandshake.java:126)\n\t... 50 more\n"},"stage":"finished","start":1538574867357,"stop":1538574867376,"parameters":[]}